[+] Containers:
 |- [+] Container: /Game/FMIA/Level/Abyss001
 |   |- [+] ActorDescs:
 |   |   |- Guid:03F5C027448B11F89E49029E14BD4F2A BaseClass: NativeClass:/Script/Engine.PostProcessVolume Name:PostProcessVolume_1 Label:PostProcessVolume SpatiallyLoaded:0 Bounds:IsValid=true, Min=(X=0.000 Y=0.000 Z=400.000), Max=(X=200.000 Y=200.000 Z=600.000) RuntimeGrid:None EditorOnly:0 RuntimeOnly:0 HLODRelevant:0 ListedInSceneOutliner:1 IsMainWorldOnly:0 FolderPath:Lighting FolderGuid:4C9334684BA61B42C769F799D2576455
 |   |   |- Guid:0AB830EA40DFD0BC073E1490F95DF544 BaseClass: NativeClass:/Script/Engine.StaticMeshActor Name:StaticMeshActor_44 Label:SM_ChamferCube3 SpatiallyLoaded:1 Bounds:IsValid=true, Min=(X=711.512 Y=2824.945 Z=100.063), Max=(X=848.115 Y=2961.548 Z=200.063) RuntimeGrid:None EditorOnly:0 RuntimeOnly:0 HLODRelevant:0 ListedInSceneOutliner:1 IsMainWorldOnly:0
 |   |   |- Guid:20BAA3E642A8A6C5B1D78E8D4EF23E3D BaseClass: NativeClass:/Script/Engine.StaticMeshActor Name:StaticMeshActor_27 Label:SM_Cube10 SpatiallyLoaded:1 Bounds:IsValid=true, Min=(X=1900.000 Y=400.000 Z=100.000), Max=(X=2400.000 Y=600.000 Z=200.000) RuntimeGrid:None EditorOnly:0 RuntimeOnly:0 HLODRelevant:1 ListedInSceneOutliner:1 IsMainWorldOnly:0 FolderPath:Block01 FolderGuid:4C556963462B5D49496AD286A4690C47
 |   |   |- Guid:230C1BA54E01C3EE2282659DCA48742F BaseClass: NativeClass:/Script/Engine.StaticMeshActor Name:StaticMeshActor_UAID_A4AE111137DC5CFB00_1660657071 Label:SM_SkySphere SpatiallyLoaded:0 Bounds:IsValid=true, Min=(X=-1638400.000 Y=-1638400.000 Z=-1638400.000), Max=(X=1638400.000 Y=1638400.000 Z=1638400.000) RuntimeGrid:None EditorOnly:0 RuntimeOnly:0 HLODRelevant:1 ListedInSceneOutliner:1 IsMainWorldOnly:0 FolderPath:Lighting FolderGuid:4C9334684BA61B42C769F799D2576455
 |   |   |- Guid:35354CA34F8028E2D707ADA8AEF83D8B BaseClass: NativeClass:/Script/AIModule.NavLinkProxy Name:NavLinkProxy_3 Label:NavLinkProxy3 SpatiallyLoaded:1 Bounds:IsValid=true, Min=(X=2240.000 Y=1030.000 Z=90.000), Max=(X=2240.000 Y=1030.000 Z=90.000) RuntimeGrid:None EditorOnly:0 RuntimeOnly:0 HLODRelevant:0 ListedInSceneOutliner:1 IsMainWorldOnly:0 FolderPath:Navigation FolderGuid:AE45D61F453CC144CF8289862C276E89
 |   |   |- Guid:37305CBD4ACC35B05A2B9BAA8C434B5A BaseClass: NativeClass:/Script/Engine.StaticMeshActor Name:StaticMeshActor_66 Label:SM_Cylinder15 SpatiallyLoaded:1 Bounds:IsValid=true, Min=(X=2550.000 Y=2950.000 Z=0.000), Max=(X=2650.000 Y=3050.000 Z=300.000) RuntimeGrid:None EditorOnly:0 RuntimeOnly:0 HLODRelevant:1 ListedInSceneOutliner:1 IsMainWorldOnly:0 FolderPath:Pillars FolderGuid:BB8AF4C246C38D173850E8B115A3DCFE
 |   |   |- Guid:47F1110A449DB0FDC7A9C6AB4C0EA3BE BaseClass: NativeClass:/Script/Engine.SkyAtmosphere Name:SkyAtmosphere_1 Label:SkyAtmosphere SpatiallyLoaded:0 Bounds:IsValid=true, Min=(X=0.000 Y=0.000 Z=1020.000), Max=(X=0.000 Y=0.000 Z=1020.000) RuntimeGrid:None EditorOnly:0 RuntimeOnly:0 HLODRelevant:0 ListedInSceneOutliner:1 IsMainWorldOnly:0 FolderPath:Lighting FolderGuid:4C9334684BA61B42C769F799D2576455
 |   |   |- Guid:568C8D064848794057309F89442C8346 BaseClass: NativeClass:/Script/Engine.StaticMeshActor Name:StaticMeshActor_18 Label:SM_Cube2 SpatiallyLoaded:1 Bounds:IsValid=true, Min=(X=0.000 Y=0.000 Z=0.000), Max=(X=3000.000 Y=100.000 Z=400.000) RuntimeGrid:None EditorOnly:0 RuntimeOnly:0 HLODRelevant:1 ListedInSceneOutliner:1 IsMainWorldOnly:0 FolderPath:Playground FolderGuid:9FE5E8B349AF71F05F2688921F3F2AC5
 |   |   |- Guid:59CFF3E8475A95A7BDD264A311D362FF BaseClass: NativeClass:/Script/Engine.StaticMeshActor Name:StaticMeshActor_0 Label:SM_QuarterCylinder7 SpatiallyLoaded:1 Bounds:IsValid=true, Min=(X=1900.000 Y=900.000 Z=0.000), Max=(X=2000.000 Y=1000.000 Z=200.000) RuntimeGrid:None EditorOnly:0 RuntimeOnly:0 HLODRelevant:1 ListedInSceneOutliner:1 IsMainWorldOnly:0 FolderPath:Block01 FolderGuid:4C556963462B5D49496AD286A4690C47
 |   |   |- Guid:5FAD2676457BA95FD0C0A1B8862C072C BaseClass: NativeClass:/Script/Engine.StaticMeshActor Name:StaticMeshActor_2 Label:SM_Cylinder6 SpatiallyLoaded:1 Bounds:IsValid=true, Min=(X=1350.000 Y=2450.000 Z=0.000), Max=(X=1450.000 Y=2550.000 Z=300.000) RuntimeGrid:None EditorOnly:0 RuntimeOnly:0 HLODRelevant:1 ListedInSceneOutliner:1 IsMainWorldOnly:0 FolderPath:Pillars FolderGuid:BB8AF4C246C38D173850E8B115A3DCFE
 |   |   |- Guid:6283B65844E90F317BF16CAAADA52B55 BaseClass: NativeClass:/Script/Engine.StaticMeshActor Name:StaticMeshActor_42 Label:SM_ChamferCube SpatiallyLoaded:1 Bounds:IsValid=true, Min=(X=761.762 Y=2853.712 Z=0.063), Max=(X=902.646 Y=2994.595 Z=100.063) RuntimeGrid:None EditorOnly:0 RuntimeOnly:0 HLODRelevant:0 ListedInSceneOutliner:1 IsMainWorldOnly:0
 |   |   |- Guid:631331A54A493620A54E58A63BC22AD6 BaseClass: NativeClass:/Script/Engine.StaticMeshActor Name:StaticMeshActor_3 Label:SM_Cylinder11 SpatiallyLoaded:1 Bounds:IsValid=true, Min=(X=1350.000 Y=2950.000 Z=0.000), Max=(X=1450.000 Y=3050.000 Z=300.000) RuntimeGrid:None EditorOnly:0 RuntimeOnly:0 HLODRelevant:1 ListedInSceneOutliner:1 IsMainWorldOnly:0 FolderPath:Pillars FolderGuid:BB8AF4C246C38D173850E8B115A3DCFE
 |   |   |- Guid:676633B14743AA3568C92CB3CC4DCC09 BaseClass: NativeClass:/Script/Engine.VolumetricCloud Name:VolumetricCloud_0 Label:VolumetricCloud SpatiallyLoaded:0 Bounds:IsValid=true, Min=(X=0.000 Y=0.000 Z=820.000), Max=(X=0.000 Y=0.000 Z=820.000) RuntimeGrid:None EditorOnly:0 RuntimeOnly:0 HLODRelevant:0 ListedInSceneOutliner:1 IsMainWorldOnly:0 FolderPath:Lighting FolderGuid:4C9334684BA61B42C769F799D2576455
 |   |   |- Guid:6B79958B4F3B5E7DEE4AE698DA20E9A0 BaseClass: NativeClass:/Script/Engine.StaticMeshActor Name:StaticMeshActor_23 Label:SM_Cube6 SpatiallyLoaded:1 Bounds:IsValid=true, Min=(X=2900.000 Y=100.000 Z=0.000), Max=(X=3000.000 Y=3400.000 Z=400.000) RuntimeGrid:None EditorOnly:0 RuntimeOnly:0 HLODRelevant:1 ListedInSceneOutliner:1 IsMainWorldOnly:0 FolderPath:Playground FolderGuid:9FE5E8B349AF71F05F2688921F3F2AC5
 |   |   |- Guid:7392E9454FC303F01076BA937E173815 BaseClass: NativeClass:/Script/Engine.StaticMeshActor Name:StaticMeshActor_24 Label:SM_Cube7 SpatiallyLoaded:1 Bounds:IsValid=true, Min=(X=2400.000 Y=500.000 Z=0.000), Max=(X=2500.000 Y=900.000 Z=200.000) RuntimeGrid:None EditorOnly:0 RuntimeOnly:0 HLODRelevant:1 ListedInSceneOutliner:1 IsMainWorldOnly:0 FolderPath:Block01 FolderGuid:4C556963462B5D49496AD286A4690C47
 |   |   |- Guid:79AD060647C4ABDFEDDA97A009438C9C BaseClass: NativeClass:/Script/Engine.StaticMeshActor Name:StaticMeshActor_65 Label:SM_ChamferCube5 SpatiallyLoaded:1 Bounds:IsValid=true, Min=(X=2419.765 Y=1390.593 Z=0.063), Max=(X=2547.936 Y=1518.765 Z=100.063) RuntimeGrid:None EditorOnly:0 RuntimeOnly:0 HLODRelevant:0 ListedInSceneOutliner:1 IsMainWorldOnly:0
 |   |   |- Guid:7F588F70405AD012A3FE8190BA1542B5 BaseClass: NativeClass:/Script/Engine.StaticMeshActor Name:StaticMeshActor_20 Label:SM_Cube4 SpatiallyLoaded:1 Bounds:IsValid=true, Min=(X=2000.000 Y=600.000 Z=0.000), Max=(X=2400.000 Y=1000.000 Z=200.000) RuntimeGrid:None EditorOnly:0 RuntimeOnly:0 HLODRelevant:1 ListedInSceneOutliner:1 IsMainWorldOnly:0 FolderPath:Block01 FolderGuid:4C556963462B5D49496AD286A4690C47
 |   |   |- Guid:8B65DED54C28F5DE7798979B6DCAF2DC BaseClass: NativeClass:/Script/Engine.StaticMeshActor Name:StaticMeshActor_38 Label:SM_Cylinder8 SpatiallyLoaded:1 Bounds:IsValid=true, Min=(X=2250.000 Y=1950.000 Z=0.000), Max=(X=2350.000 Y=2050.000 Z=300.000) RuntimeGrid:None EditorOnly:0 RuntimeOnly:0 HLODRelevant:1 ListedInSceneOutliner:1 IsMainWorldOnly:0 FolderPath:Pillars FolderGuid:BB8AF4C246C38D173850E8B115A3DCFE
 |   |   |- Guid:92616B614CEEB67738FEF18794BE6087 BaseClass: NativeClass:/Script/Engine.StaticMeshActor Name:StaticMeshActor_26 Label:SM_Ramp3 SpatiallyLoaded:1 Bounds:IsValid=true, Min=(X=1600.000 Y=400.000 Z=100.000), Max=(X=1900.000 Y=600.000 Z=200.000) RuntimeGrid:None EditorOnly:0 RuntimeOnly:0 HLODRelevant:1 ListedInSceneOutliner:1 IsMainWorldOnly:0 FolderPath:Block01 FolderGuid:4C556963462B5D49496AD286A4690C47
 |   |   |- Guid:96AA674F46D7317A717402A4C28E3352 BaseClass: NativeClass:/Script/Engine.ExponentialHeightFog Name:ExponentialHeightFog_1 Label:ExponentialHeightFog SpatiallyLoaded:0 Bounds:IsValid=true, Min=(X=-5600.000 Y=-50.000 Z=-6850.000), Max=(X=-5600.000 Y=-50.000 Z=-6850.000) RuntimeGrid:None EditorOnly:0 RuntimeOnly:0 HLODRelevant:0 ListedInSceneOutliner:1 IsMainWorldOnly:0 FolderPath:Lighting FolderGuid:4C9334684BA61B42C769F799D2576455
 |   |   |- Guid:97E421E844BD6644CA47EE8D4E6A4D23 BaseClass: NativeClass:/Script/Engine.StaticMeshActor Name:StaticMeshActor_1 Label:SM_Cube8 SpatiallyLoaded:1 Bounds:IsValid=true, Min=(X=1900.000 Y=600.000 Z=0.000), Max=(X=2000.000 Y=900.000 Z=200.000) RuntimeGrid:None EditorOnly:0 RuntimeOnly:0 HLODRelevant:1 ListedInSceneOutliner:1 IsMainWorldOnly:0 FolderPath:Block01 FolderGuid:4C556963462B5D49496AD286A4690C47
 |   |   |- Guid:A2A71A394F5372B8BEF28A93C6397D6B BaseClass: NativeClass:/Script/Engine.StaticMeshActor Name:StaticMeshActor_35 Label:SM_Cylinder5 SpatiallyLoaded:1 Bounds:IsValid=true, Min=(X=1750.000 Y=2750.000 Z=0.000), Max=(X=1850.000 Y=2850.000 Z=300.000) RuntimeGrid:None EditorOnly:0 RuntimeOnly:0 HLODRelevant:1 ListedInSceneOutliner:1 IsMainWorldOnly:0 FolderPath:Pillars FolderGuid:BB8AF4C246C38D173850E8B115A3DCFE
 |   |   |- Guid:A3972E714B5A7B300FFA7F9EBD5F6754 BaseClass: NativeClass:/Script/Engine.PlayerStart Name:PlayerStart_0 Label:PlayerStart SpatiallyLoaded:0 Bounds:IsValid=true, Min=(X=960.000 Y=1770.000 Z=0.013), Max=(X=1040.000 Y=1850.000 Z=184.013) RuntimeGrid:None EditorOnly:0 RuntimeOnly:0 HLODRelevant:0 ListedInSceneOutliner:1 IsMainWorldOnly:0
 |   |   |- Guid:ADA2306D46CFE8360F5DF2AD2DF05B63 BaseClass: NativeClass:/Script/Engine.StaticMeshActor Name:StaticMeshActor_28 Label:SM_QuarterCylinder3 SpatiallyLoaded:1 Bounds:IsValid=true, Min=(X=2400.000 Y=400.000 Z=0.000), Max=(X=2500.000 Y=500.000 Z=200.000) RuntimeGrid:None EditorOnly:0 RuntimeOnly:0 HLODRelevant:1 ListedInSceneOutliner:1 IsMainWorldOnly:0 FolderPath:Block01 FolderGuid:4C556963462B5D49496AD286A4690C47
 |   |   |- Guid:AE4F09AF44E6A2D6FCD2AD9CE938D2C3 BaseClass: NativeClass:/Script/Engine.StaticMeshActor Name:StaticMeshActor_25 Label:SM_Cube9 SpatiallyLoaded:1 Bounds:IsValid=true, Min=(X=1400.000 Y=400.000 Z=0.000), Max=(X=2400.000 Y=600.000 Z=100.000) RuntimeGrid:None EditorOnly:0 RuntimeOnly:0 HLODRelevant:1 ListedInSceneOutliner:1 IsMainWorldOnly:0 FolderPath:Block01 FolderGuid:4C556963462B5D49496AD286A4690C47
 |   |   |- Guid:B2A7B23843938839F1F75C9905EF160E BaseClass: NativeClass:/Script/Engine.StaticMeshActor Name:StaticMeshActor_17 Label:SM_Cube SpatiallyLoaded:1 Bounds:IsValid=true, Min=(X=0.000 Y=0.000 Z=-50.000), Max=(X=3000.000 Y=3500.000 Z=0.000) RuntimeGrid:None EditorOnly:0 RuntimeOnly:0 HLODRelevant:1 ListedInSceneOutliner:1 IsMainWorldOnly:0 FolderPath:Playground FolderGuid:9FE5E8B349AF71F05F2688921F3F2AC5
 |   |   |- Guid:B4ADE94C4011EEB199ACCCB901AF5676 BaseClass: NativeClass:/Script/Engine.SkyLight Name:SkyLight_1 Label:SkyLight SpatiallyLoaded:0 Bounds:IsValid=true, Min=(X=0.000 Y=0.000 Z=690.000), Max=(X=0.000 Y=0.000 Z=690.000) RuntimeGrid:None EditorOnly:0 RuntimeOnly:0 HLODRelevant:0 ListedInSceneOutliner:1 IsMainWorldOnly:0 FolderPath:Lighting FolderGuid:4C9334684BA61B42C769F799D2576455
 |   |   |- Guid:B57F239845C0D207277BDEA2292AD5BB BaseClass: NativeClass:/Script/Engine.StaticMeshActor Name:StaticMeshActor_37 Label:SM_Cylinder7 SpatiallyLoaded:1 Bounds:IsValid=true, Min=(X=1650.000 Y=1950.000 Z=0.000), Max=(X=1750.000 Y=2050.000 Z=300.000) RuntimeGrid:None EditorOnly:0 RuntimeOnly:0 HLODRelevant:1 ListedInSceneOutliner:1 IsMainWorldOnly:0 FolderPath:Pillars FolderGuid:BB8AF4C246C38D173850E8B115A3DCFE
 |   |   |- Guid:C1FCD33146D76D9AF58CF5861E8495C9 BaseClass: NativeClass:/Script/Engine.StaticMeshActor Name:StaticMeshActor_21 Label:SM_Ramp2 SpatiallyLoaded:1 Bounds:IsValid=true, Min=(X=1400.000 Y=600.000 Z=0.000), Max=(X=1600.000 Y=1000.000 Z=100.000) RuntimeGrid:None EditorOnly:0 RuntimeOnly:0 HLODRelevant:1 ListedInSceneOutliner:1 IsMainWorldOnly:0 FolderPath:Block01 FolderGuid:4C556963462B5D49496AD286A4690C47
 |   |   |- Guid:C4F3A2914D254393BFB1B8B4B504F8F8 BaseClass: NativeClass:/Script/Engine.StaticMeshActor Name:StaticMeshActor_40 Label:SM_Cylinder10 SpatiallyLoaded:1 Bounds:IsValid=true, Min=(X=2250.000 Y=2650.000 Z=0.000), Max=(X=2350.000 Y=2750.000 Z=300.000) RuntimeGrid:None EditorOnly:0 RuntimeOnly:0 HLODRelevant:1 ListedInSceneOutliner:1 IsMainWorldOnly:0 FolderPath:Pillars FolderGuid:BB8AF4C246C38D173850E8B115A3DCFE
 |   |   |- Guid:C66DD3AC44515D231A5C578A9349A259 BaseClass: NativeClass:/Script/NavigationSystem.NavMeshBoundsVolume Name:NavMeshBoundsVolume_1 Label:NavMeshBoundsVolume SpatiallyLoaded:0 Bounds:IsValid=true, Min=(X=-100.000 Y=-100.000 Z=-110.000), Max=(X=3100.000 Y=3600.000 Z=390.000) RuntimeGrid:None EditorOnly:0 RuntimeOnly:0 HLODRelevant:0 ListedInSceneOutliner:1 IsMainWorldOnly:0 FolderPath:Navigation FolderGuid:AE45D61F453CC144CF8289862C276E89
 |   |   |- Guid:C6DC42194BFBC06BC9C92C944A3EA78A BaseClass: NativeClass:/Script/Engine.WorldDataLayers Name:WorldDataLayers Label:WorldDataLayers SpatiallyLoaded:0 Bounds:Invalid RuntimeGrid:None EditorOnly:0 RuntimeOnly:0 HLODRelevant:0 ListedInSceneOutliner:1 IsMainWorldOnly:1
 |   |   |- Guid:CFD411F84BEF567146A5AE92F51A9971 BaseClass: NativeClass:/Script/Engine.StaticMeshActor Name:StaticMeshActor_19 Label:SM_Cube3 SpatiallyLoaded:1 Bounds:IsValid=true, Min=(X=0.000 Y=3400.000 Z=0.000), Max=(X=3000.000 Y=3500.000 Z=400.000) RuntimeGrid:None EditorOnly:0 RuntimeOnly:0 HLODRelevant:1 ListedInSceneOutliner:1 IsMainWorldOnly:0 FolderPath:Playground FolderGuid:9FE5E8B349AF71F05F2688921F3F2AC5
 |   |   |- Guid:D784B0274D6EA47DE880688F82EE1258 BaseClass: NativeClass:/Script/Engine.StaticMeshActor Name:StaticMeshActor_29 Label:SM_QuarterCylinder6 SpatiallyLoaded:1 Bounds:IsValid=true, Min=(X=2400.000 Y=900.000 Z=0.000), Max=(X=2500.000 Y=1000.000 Z=200.000) RuntimeGrid:None EditorOnly:0 RuntimeOnly:0 HLODRelevant:1 ListedInSceneOutliner:1 IsMainWorldOnly:0 FolderPath:Block01 FolderGuid:4C556963462B5D49496AD286A4690C47
 |   |   |- Guid:E0CAA3484221B4A6BB1975934F0789E2 BaseClass: NativeClass:/Script/Engine.StaticMeshActor Name:StaticMeshActor_22 Label:SM_Cube5 SpatiallyLoaded:1 Bounds:IsValid=true, Min=(X=-0.000 Y=100.000 Z=0.000), Max=(X=100.000 Y=3400.000 Z=400.000) RuntimeGrid:None EditorOnly:0 RuntimeOnly:0 HLODRelevant:1 ListedInSceneOutliner:1 IsMainWorldOnly:0 FolderPath:Playground FolderGuid:9FE5E8B349AF71F05F2688921F3F2AC5
 |   |   |- Guid:E3FCC8E94BD0601A55FF74A6962F7788 BaseClass: NativeClass:/Script/Engine.DirectionalLight Name:DirectionalLight_1 Label:DirectionalLight SpatiallyLoaded:0 Bounds:IsValid=true, Min=(X=-4398046511104.000 Y=-4398046511104.000 Z=-4398046511104.000), Max=(X=4398046511104.000 Y=4398046511104.000 Z=4398046511104.000) RuntimeGrid:None EditorOnly:0 RuntimeOnly:0 HLODRelevant:0 ListedInSceneOutliner:1 IsMainWorldOnly:0 FolderPath:Lighting FolderGuid:4C9334684BA61B42C769F799D2576455
 |   |   |- Guid:E8D070154BCC7509D1AA269BA00E3037 BaseClass: NativeClass:/Script/Engine.StaticMeshActor Name:StaticMeshActor_34 Label:SM_Cylinder4 SpatiallyLoaded:1 Bounds:IsValid=true, Min=(X=1850.000 Y=2350.000 Z=0.000), Max=(X=1950.000 Y=2450.000 Z=300.000) RuntimeGrid:None EditorOnly:0 RuntimeOnly:0 HLODRelevant:1 ListedInSceneOutliner:1 IsMainWorldOnly:0 FolderPath:Pillars FolderGuid:BB8AF4C246C38D173850E8B115A3DCFE
 |   |   |- Guid:E9EEE1154641272B0A50D89AFF2DB904 BaseClass: NativeClass:/Script/Engine.StaticMeshActor Name:StaticMeshActor_59 Label:SM_ChamferCube4 SpatiallyLoaded:1 Bounds:IsValid=true, Min=(X=663.409 Y=2784.238 Z=0.063), Max=(X=804.292 Y=2925.121 Z=100.063) RuntimeGrid:None EditorOnly:0 RuntimeOnly:0 HLODRelevant:0 ListedInSceneOutliner:1 IsMainWorldOnly:0
 |   |   |- Guid:EF8FCAC44A94EEB7E481258C9CB00348 BaseClass: NativeClass:/Script/Engine.StaticMeshActor Name:StaticMeshActor_39 Label:SM_Cylinder9 SpatiallyLoaded:1 Bounds:IsValid=true, Min=(X=2450.000 Y=2350.000 Z=0.000), Max=(X=2550.000 Y=2450.000 Z=300.000) RuntimeGrid:None EditorOnly:0 RuntimeOnly:0 HLODRelevant:1 ListedInSceneOutliner:1 IsMainWorldOnly:0 FolderPath:Pillars FolderGuid:BB8AF4C246C38D173850E8B115A3DCFE
 |   |   |- Guid:FADE345E4BC3B67120E450B6A1D28677 BaseClass: NativeClass:/Script/Engine.TextRenderActor Name:TextRenderActor_0 Label:TextRenderActor SpatiallyLoaded:1 Bounds:IsValid=true, Min=(X=-0.100 Y=1100.000 Z=65.013), Max=(X=-0.100 Y=2225.000 Z=215.013) RuntimeGrid:None EditorOnly:0 RuntimeOnly:0 HLODRelevant:0 ListedInSceneOutliner:1 IsMainWorldOnly:0
 |   |- [+] Clusters:
 |   |   |- [+] [  0]
 |   |   |   |- Guid:03F5C027448B11F89E49029E14BD4F2A BaseClass: NativeClass:/Script/Engine.PostProcessVolume Name:PostProcessVolume_1 Label:PostProcessVolume SpatiallyLoaded:0 Bounds:IsValid=true, Min=(X=0.000 Y=0.000 Z=400.000), Max=(X=200.000 Y=200.000 Z=600.000) RuntimeGrid:None EditorOnly:0 RuntimeOnly:0 HLODRelevant:0 ListedInSceneOutliner:1 IsMainWorldOnly:0 FolderPath:Lighting FolderGuid:4C9334684BA61B42C769F799D2576455
 |   |   |- [+] [  1]
 |   |   |   |- Guid:0AB830EA40DFD0BC073E1490F95DF544 BaseClass: NativeClass:/Script/Engine.StaticMeshActor Name:StaticMeshActor_44 Label:SM_ChamferCube3 SpatiallyLoaded:1 Bounds:IsValid=true, Min=(X=711.512 Y=2824.945 Z=100.063), Max=(X=848.115 Y=2961.548 Z=200.063) RuntimeGrid:None EditorOnly:0 RuntimeOnly:0 HLODRelevant:0 ListedInSceneOutliner:1 IsMainWorldOnly:0
 |   |   |- [+] [  2]
 |   |   |   |- Guid:20BAA3E642A8A6C5B1D78E8D4EF23E3D BaseClass: NativeClass:/Script/Engine.StaticMeshActor Name:StaticMeshActor_27 Label:SM_Cube10 SpatiallyLoaded:1 Bounds:IsValid=true, Min=(X=1900.000 Y=400.000 Z=100.000), Max=(X=2400.000 Y=600.000 Z=200.000) RuntimeGrid:None EditorOnly:0 RuntimeOnly:0 HLODRelevant:1 ListedInSceneOutliner:1 IsMainWorldOnly:0 FolderPath:Block01 FolderGuid:4C556963462B5D49496AD286A4690C47
 |   |   |- [+] [  3]
 |   |   |   |- Guid:230C1BA54E01C3EE2282659DCA48742F BaseClass: NativeClass:/Script/Engine.StaticMeshActor Name:StaticMeshActor_UAID_A4AE111137DC5CFB00_1660657071 Label:SM_SkySphere SpatiallyLoaded:0 Bounds:IsValid=true, Min=(X=-1638400.000 Y=-1638400.000 Z=-1638400.000), Max=(X=1638400.000 Y=1638400.000 Z=1638400.000) RuntimeGrid:None EditorOnly:0 RuntimeOnly:0 HLODRelevant:1 ListedInSceneOutliner:1 IsMainWorldOnly:0 FolderPath:Lighting FolderGuid:4C9334684BA61B42C769F799D2576455
 |   |   |- [+] [  4]
 |   |   |   |- Guid:35354CA34F8028E2D707ADA8AEF83D8B BaseClass: NativeClass:/Script/AIModule.NavLinkProxy Name:NavLinkProxy_3 Label:NavLinkProxy3 SpatiallyLoaded:1 Bounds:IsValid=true, Min=(X=2240.000 Y=1030.000 Z=90.000), Max=(X=2240.000 Y=1030.000 Z=90.000) RuntimeGrid:None EditorOnly:0 RuntimeOnly:0 HLODRelevant:0 ListedInSceneOutliner:1 IsMainWorldOnly:0 FolderPath:Navigation FolderGuid:AE45D61F453CC144CF8289862C276E89
 |   |   |- [+] [  5]
 |   |   |   |- Guid:37305CBD4ACC35B05A2B9BAA8C434B5A BaseClass: NativeClass:/Script/Engine.StaticMeshActor Name:StaticMeshActor_66 Label:SM_Cylinder15 SpatiallyLoaded:1 Bounds:IsValid=true, Min=(X=2550.000 Y=2950.000 Z=0.000), Max=(X=2650.000 Y=3050.000 Z=300.000) RuntimeGrid:None EditorOnly:0 RuntimeOnly:0 HLODRelevant:1 ListedInSceneOutliner:1 IsMainWorldOnly:0 FolderPath:Pillars FolderGuid:BB8AF4C246C38D173850E8B115A3DCFE
 |   |   |- [+] [  6]
 |   |   |   |- Guid:47F1110A449DB0FDC7A9C6AB4C0EA3BE BaseClass: NativeClass:/Script/Engine.SkyAtmosphere Name:SkyAtmosphere_1 Label:SkyAtmosphere SpatiallyLoaded:0 Bounds:IsValid=true, Min=(X=0.000 Y=0.000 Z=1020.000), Max=(X=0.000 Y=0.000 Z=1020.000) RuntimeGrid:None EditorOnly:0 RuntimeOnly:0 HLODRelevant:0 ListedInSceneOutliner:1 IsMainWorldOnly:0 FolderPath:Lighting FolderGuid:4C9334684BA61B42C769F799D2576455
 |   |   |- [+] [  7]
 |   |   |   |- Guid:568C8D064848794057309F89442C8346 BaseClass: NativeClass:/Script/Engine.StaticMeshActor Name:StaticMeshActor_18 Label:SM_Cube2 SpatiallyLoaded:1 Bounds:IsValid=true, Min=(X=0.000 Y=0.000 Z=0.000), Max=(X=3000.000 Y=100.000 Z=400.000) RuntimeGrid:None EditorOnly:0 RuntimeOnly:0 HLODRelevant:1 ListedInSceneOutliner:1 IsMainWorldOnly:0 FolderPath:Playground FolderGuid:9FE5E8B349AF71F05F2688921F3F2AC5
 |   |   |- [+] [  8]
 |   |   |   |- Guid:59CFF3E8475A95A7BDD264A311D362FF BaseClass: NativeClass:/Script/Engine.StaticMeshActor Name:StaticMeshActor_0 Label:SM_QuarterCylinder7 SpatiallyLoaded:1 Bounds:IsValid=true, Min=(X=1900.000 Y=900.000 Z=0.000), Max=(X=2000.000 Y=1000.000 Z=200.000) RuntimeGrid:None EditorOnly:0 RuntimeOnly:0 HLODRelevant:1 ListedInSceneOutliner:1 IsMainWorldOnly:0 FolderPath:Block01 FolderGuid:4C556963462B5D49496AD286A4690C47
 |   |   |- [+] [  9]
 |   |   |   |- Guid:5FAD2676457BA95FD0C0A1B8862C072C BaseClass: NativeClass:/Script/Engine.StaticMeshActor Name:StaticMeshActor_2 Label:SM_Cylinder6 SpatiallyLoaded:1 Bounds:IsValid=true, Min=(X=1350.000 Y=2450.000 Z=0.000), Max=(X=1450.000 Y=2550.000 Z=300.000) RuntimeGrid:None EditorOnly:0 RuntimeOnly:0 HLODRelevant:1 ListedInSceneOutliner:1 IsMainWorldOnly:0 FolderPath:Pillars FolderGuid:BB8AF4C246C38D173850E8B115A3DCFE
 |   |   |- [+] [ 10]
 |   |   |   |- Guid:6283B65844E90F317BF16CAAADA52B55 BaseClass: NativeClass:/Script/Engine.StaticMeshActor Name:StaticMeshActor_42 Label:SM_ChamferCube SpatiallyLoaded:1 Bounds:IsValid=true, Min=(X=761.762 Y=2853.712 Z=0.063), Max=(X=902.646 Y=2994.595 Z=100.063) RuntimeGrid:None EditorOnly:0 RuntimeOnly:0 HLODRelevant:0 ListedInSceneOutliner:1 IsMainWorldOnly:0
 |   |   |- [+] [ 11]
 |   |   |   |- Guid:631331A54A493620A54E58A63BC22AD6 BaseClass: NativeClass:/Script/Engine.StaticMeshActor Name:StaticMeshActor_3 Label:SM_Cylinder11 SpatiallyLoaded:1 Bounds:IsValid=true, Min=(X=1350.000 Y=2950.000 Z=0.000), Max=(X=1450.000 Y=3050.000 Z=300.000) RuntimeGrid:None EditorOnly:0 RuntimeOnly:0 HLODRelevant:1 ListedInSceneOutliner:1 IsMainWorldOnly:0 FolderPath:Pillars FolderGuid:BB8AF4C246C38D173850E8B115A3DCFE
 |   |   |- [+] [ 12]
 |   |   |   |- Guid:676633B14743AA3568C92CB3CC4DCC09 BaseClass: NativeClass:/Script/Engine.VolumetricCloud Name:VolumetricCloud_0 Label:VolumetricCloud SpatiallyLoaded:0 Bounds:IsValid=true, Min=(X=0.000 Y=0.000 Z=820.000), Max=(X=0.000 Y=0.000 Z=820.000) RuntimeGrid:None EditorOnly:0 RuntimeOnly:0 HLODRelevant:0 ListedInSceneOutliner:1 IsMainWorldOnly:0 FolderPath:Lighting FolderGuid:4C9334684BA61B42C769F799D2576455
 |   |   |- [+] [ 13]
 |   |   |   |- Guid:6B79958B4F3B5E7DEE4AE698DA20E9A0 BaseClass: NativeClass:/Script/Engine.StaticMeshActor Name:StaticMeshActor_23 Label:SM_Cube6 SpatiallyLoaded:1 Bounds:IsValid=true, Min=(X=2900.000 Y=100.000 Z=0.000), Max=(X=3000.000 Y=3400.000 Z=400.000) RuntimeGrid:None EditorOnly:0 RuntimeOnly:0 HLODRelevant:1 ListedInSceneOutliner:1 IsMainWorldOnly:0 FolderPath:Playground FolderGuid:9FE5E8B349AF71F05F2688921F3F2AC5
 |   |   |- [+] [ 14]
 |   |   |   |- Guid:7392E9454FC303F01076BA937E173815 BaseClass: NativeClass:/Script/Engine.StaticMeshActor Name:StaticMeshActor_24 Label:SM_Cube7 SpatiallyLoaded:1 Bounds:IsValid=true, Min=(X=2400.000 Y=500.000 Z=0.000), Max=(X=2500.000 Y=900.000 Z=200.000) RuntimeGrid:None EditorOnly:0 RuntimeOnly:0 HLODRelevant:1 ListedInSceneOutliner:1 IsMainWorldOnly:0 FolderPath:Block01 FolderGuid:4C556963462B5D49496AD286A4690C47
 |   |   |- [+] [ 15]
 |   |   |   |- Guid:79AD060647C4ABDFEDDA97A009438C9C BaseClass: NativeClass:/Script/Engine.StaticMeshActor Name:StaticMeshActor_65 Label:SM_ChamferCube5 SpatiallyLoaded:1 Bounds:IsValid=true, Min=(X=2419.765 Y=1390.593 Z=0.063), Max=(X=2547.936 Y=1518.765 Z=100.063) RuntimeGrid:None EditorOnly:0 RuntimeOnly:0 HLODRelevant:0 ListedInSceneOutliner:1 IsMainWorldOnly:0
 |   |   |- [+] [ 16]
 |   |   |   |- Guid:7F588F70405AD012A3FE8190BA1542B5 BaseClass: NativeClass:/Script/Engine.StaticMeshActor Name:StaticMeshActor_20 Label:SM_Cube4 SpatiallyLoaded:1 Bounds:IsValid=true, Min=(X=2000.000 Y=600.000 Z=0.000), Max=(X=2400.000 Y=1000.000 Z=200.000) RuntimeGrid:None EditorOnly:0 RuntimeOnly:0 HLODRelevant:1 ListedInSceneOutliner:1 IsMainWorldOnly:0 FolderPath:Block01 FolderGuid:4C556963462B5D49496AD286A4690C47
 |   |   |- [+] [ 17]
 |   |   |   |- Guid:8B65DED54C28F5DE7798979B6DCAF2DC BaseClass: NativeClass:/Script/Engine.StaticMeshActor Name:StaticMeshActor_38 Label:SM_Cylinder8 SpatiallyLoaded:1 Bounds:IsValid=true, Min=(X=2250.000 Y=1950.000 Z=0.000), Max=(X=2350.000 Y=2050.000 Z=300.000) RuntimeGrid:None EditorOnly:0 RuntimeOnly:0 HLODRelevant:1 ListedInSceneOutliner:1 IsMainWorldOnly:0 FolderPath:Pillars FolderGuid:BB8AF4C246C38D173850E8B115A3DCFE
 |   |   |- [+] [ 18]
 |   |   |   |- Guid:92616B614CEEB67738FEF18794BE6087 BaseClass: NativeClass:/Script/Engine.StaticMeshActor Name:StaticMeshActor_26 Label:SM_Ramp3 SpatiallyLoaded:1 Bounds:IsValid=true, Min=(X=1600.000 Y=400.000 Z=100.000), Max=(X=1900.000 Y=600.000 Z=200.000) RuntimeGrid:None EditorOnly:0 RuntimeOnly:0 HLODRelevant:1 ListedInSceneOutliner:1 IsMainWorldOnly:0 FolderPath:Block01 FolderGuid:4C556963462B5D49496AD286A4690C47
 |   |   |- [+] [ 19]
 |   |   |   |- Guid:96AA674F46D7317A717402A4C28E3352 BaseClass: NativeClass:/Script/Engine.ExponentialHeightFog Name:ExponentialHeightFog_1 Label:ExponentialHeightFog SpatiallyLoaded:0 Bounds:IsValid=true, Min=(X=-5600.000 Y=-50.000 Z=-6850.000), Max=(X=-5600.000 Y=-50.000 Z=-6850.000) RuntimeGrid:None EditorOnly:0 RuntimeOnly:0 HLODRelevant:0 ListedInSceneOutliner:1 IsMainWorldOnly:0 FolderPath:Lighting FolderGuid:4C9334684BA61B42C769F799D2576455
 |   |   |- [+] [ 20]
 |   |   |   |- Guid:97E421E844BD6644CA47EE8D4E6A4D23 BaseClass: NativeClass:/Script/Engine.StaticMeshActor Name:StaticMeshActor_1 Label:SM_Cube8 SpatiallyLoaded:1 Bounds:IsValid=true, Min=(X=1900.000 Y=600.000 Z=0.000), Max=(X=2000.000 Y=900.000 Z=200.000) RuntimeGrid:None EditorOnly:0 RuntimeOnly:0 HLODRelevant:1 ListedInSceneOutliner:1 IsMainWorldOnly:0 FolderPath:Block01 FolderGuid:4C556963462B5D49496AD286A4690C47
 |   |   |- [+] [ 21]
 |   |   |   |- Guid:A2A71A394F5372B8BEF28A93C6397D6B BaseClass: NativeClass:/Script/Engine.StaticMeshActor Name:StaticMeshActor_35 Label:SM_Cylinder5 SpatiallyLoaded:1 Bounds:IsValid=true, Min=(X=1750.000 Y=2750.000 Z=0.000), Max=(X=1850.000 Y=2850.000 Z=300.000) RuntimeGrid:None EditorOnly:0 RuntimeOnly:0 HLODRelevant:1 ListedInSceneOutliner:1 IsMainWorldOnly:0 FolderPath:Pillars FolderGuid:BB8AF4C246C38D173850E8B115A3DCFE
 |   |   |- [+] [ 22]
 |   |   |   |- Guid:A3972E714B5A7B300FFA7F9EBD5F6754 BaseClass: NativeClass:/Script/Engine.PlayerStart Name:PlayerStart_0 Label:PlayerStart SpatiallyLoaded:0 Bounds:IsValid=true, Min=(X=960.000 Y=1770.000 Z=0.013), Max=(X=1040.000 Y=1850.000 Z=184.013) RuntimeGrid:None EditorOnly:0 RuntimeOnly:0 HLODRelevant:0 ListedInSceneOutliner:1 IsMainWorldOnly:0
 |   |   |- [+] [ 23]
 |   |   |   |- Guid:ADA2306D46CFE8360F5DF2AD2DF05B63 BaseClass: NativeClass:/Script/Engine.StaticMeshActor Name:StaticMeshActor_28 Label:SM_QuarterCylinder3 SpatiallyLoaded:1 Bounds:IsValid=true, Min=(X=2400.000 Y=400.000 Z=0.000), Max=(X=2500.000 Y=500.000 Z=200.000) RuntimeGrid:None EditorOnly:0 RuntimeOnly:0 HLODRelevant:1 ListedInSceneOutliner:1 IsMainWorldOnly:0 FolderPath:Block01 FolderGuid:4C556963462B5D49496AD286A4690C47
 |   |   |- [+] [ 24]
 |   |   |   |- Guid:AE4F09AF44E6A2D6FCD2AD9CE938D2C3 BaseClass: NativeClass:/Script/Engine.StaticMeshActor Name:StaticMeshActor_25 Label:SM_Cube9 SpatiallyLoaded:1 Bounds:IsValid=true, Min=(X=1400.000 Y=400.000 Z=0.000), Max=(X=2400.000 Y=600.000 Z=100.000) RuntimeGrid:None EditorOnly:0 RuntimeOnly:0 HLODRelevant:1 ListedInSceneOutliner:1 IsMainWorldOnly:0 FolderPath:Block01 FolderGuid:4C556963462B5D49496AD286A4690C47
 |   |   |- [+] [ 25]
 |   |   |   |- Guid:B2A7B23843938839F1F75C9905EF160E BaseClass: NativeClass:/Script/Engine.StaticMeshActor Name:StaticMeshActor_17 Label:SM_Cube SpatiallyLoaded:1 Bounds:IsValid=true, Min=(X=0.000 Y=0.000 Z=-50.000), Max=(X=3000.000 Y=3500.000 Z=0.000) RuntimeGrid:None EditorOnly:0 RuntimeOnly:0 HLODRelevant:1 ListedInSceneOutliner:1 IsMainWorldOnly:0 FolderPath:Playground FolderGuid:9FE5E8B349AF71F05F2688921F3F2AC5
 |   |   |- [+] [ 26]
 |   |   |   |- Guid:B4ADE94C4011EEB199ACCCB901AF5676 BaseClass: NativeClass:/Script/Engine.SkyLight Name:SkyLight_1 Label:SkyLight SpatiallyLoaded:0 Bounds:IsValid=true, Min=(X=0.000 Y=0.000 Z=690.000), Max=(X=0.000 Y=0.000 Z=690.000) RuntimeGrid:None EditorOnly:0 RuntimeOnly:0 HLODRelevant:0 ListedInSceneOutliner:1 IsMainWorldOnly:0 FolderPath:Lighting FolderGuid:4C9334684BA61B42C769F799D2576455
 |   |   |- [+] [ 27]
 |   |   |   |- Guid:B57F239845C0D207277BDEA2292AD5BB BaseClass: NativeClass:/Script/Engine.StaticMeshActor Name:StaticMeshActor_37 Label:SM_Cylinder7 SpatiallyLoaded:1 Bounds:IsValid=true, Min=(X=1650.000 Y=1950.000 Z=0.000), Max=(X=1750.000 Y=2050.000 Z=300.000) RuntimeGrid:None EditorOnly:0 RuntimeOnly:0 HLODRelevant:1 ListedInSceneOutliner:1 IsMainWorldOnly:0 FolderPath:Pillars FolderGuid:BB8AF4C246C38D173850E8B115A3DCFE
 |   |   |- [+] [ 28]
 |   |   |   |- Guid:C1FCD33146D76D9AF58CF5861E8495C9 BaseClass: NativeClass:/Script/Engine.StaticMeshActor Name:StaticMeshActor_21 Label:SM_Ramp2 SpatiallyLoaded:1 Bounds:IsValid=true, Min=(X=1400.000 Y=600.000 Z=0.000), Max=(X=1600.000 Y=1000.000 Z=100.000) RuntimeGrid:None EditorOnly:0 RuntimeOnly:0 HLODRelevant:1 ListedInSceneOutliner:1 IsMainWorldOnly:0 FolderPath:Block01 FolderGuid:4C556963462B5D49496AD286A4690C47
 |   |   |- [+] [ 29]
 |   |   |   |- Guid:C4F3A2914D254393BFB1B8B4B504F8F8 BaseClass: NativeClass:/Script/Engine.StaticMeshActor Name:StaticMeshActor_40 Label:SM_Cylinder10 SpatiallyLoaded:1 Bounds:IsValid=true, Min=(X=2250.000 Y=2650.000 Z=0.000), Max=(X=2350.000 Y=2750.000 Z=300.000) RuntimeGrid:None EditorOnly:0 RuntimeOnly:0 HLODRelevant:1 ListedInSceneOutliner:1 IsMainWorldOnly:0 FolderPath:Pillars FolderGuid:BB8AF4C246C38D173850E8B115A3DCFE
 |   |   |- [+] [ 30]
 |   |   |   |- Guid:C66DD3AC44515D231A5C578A9349A259 BaseClass: NativeClass:/Script/NavigationSystem.NavMeshBoundsVolume Name:NavMeshBoundsVolume_1 Label:NavMeshBoundsVolume SpatiallyLoaded:0 Bounds:IsValid=true, Min=(X=-100.000 Y=-100.000 Z=-110.000), Max=(X=3100.000 Y=3600.000 Z=390.000) RuntimeGrid:None EditorOnly:0 RuntimeOnly:0 HLODRelevant:0 ListedInSceneOutliner:1 IsMainWorldOnly:0 FolderPath:Navigation FolderGuid:AE45D61F453CC144CF8289862C276E89
 |   |   |- [+] [ 31]
 |   |   |   |- Guid:C6DC42194BFBC06BC9C92C944A3EA78A BaseClass: NativeClass:/Script/Engine.WorldDataLayers Name:WorldDataLayers Label:WorldDataLayers SpatiallyLoaded:0 Bounds:Invalid RuntimeGrid:None EditorOnly:0 RuntimeOnly:0 HLODRelevant:0 ListedInSceneOutliner:1 IsMainWorldOnly:1
 |   |   |- [+] [ 32]
 |   |   |   |- Guid:CFD411F84BEF567146A5AE92F51A9971 BaseClass: NativeClass:/Script/Engine.StaticMeshActor Name:StaticMeshActor_19 Label:SM_Cube3 SpatiallyLoaded:1 Bounds:IsValid=true, Min=(X=0.000 Y=3400.000 Z=0.000), Max=(X=3000.000 Y=3500.000 Z=400.000) RuntimeGrid:None EditorOnly:0 RuntimeOnly:0 HLODRelevant:1 ListedInSceneOutliner:1 IsMainWorldOnly:0 FolderPath:Playground FolderGuid:9FE5E8B349AF71F05F2688921F3F2AC5
 |   |   |- [+] [ 33]
 |   |   |   |- Guid:D784B0274D6EA47DE880688F82EE1258 BaseClass: NativeClass:/Script/Engine.StaticMeshActor Name:StaticMeshActor_29 Label:SM_QuarterCylinder6 SpatiallyLoaded:1 Bounds:IsValid=true, Min=(X=2400.000 Y=900.000 Z=0.000), Max=(X=2500.000 Y=1000.000 Z=200.000) RuntimeGrid:None EditorOnly:0 RuntimeOnly:0 HLODRelevant:1 ListedInSceneOutliner:1 IsMainWorldOnly:0 FolderPath:Block01 FolderGuid:4C556963462B5D49496AD286A4690C47
 |   |   |- [+] [ 34]
 |   |   |   |- Guid:E0CAA3484221B4A6BB1975934F0789E2 BaseClass: NativeClass:/Script/Engine.StaticMeshActor Name:StaticMeshActor_22 Label:SM_Cube5 SpatiallyLoaded:1 Bounds:IsValid=true, Min=(X=-0.000 Y=100.000 Z=0.000), Max=(X=100.000 Y=3400.000 Z=400.000) RuntimeGrid:None EditorOnly:0 RuntimeOnly:0 HLODRelevant:1 ListedInSceneOutliner:1 IsMainWorldOnly:0 FolderPath:Playground FolderGuid:9FE5E8B349AF71F05F2688921F3F2AC5
 |   |   |- [+] [ 35]
 |   |   |   |- Guid:E3FCC8E94BD0601A55FF74A6962F7788 BaseClass: NativeClass:/Script/Engine.DirectionalLight Name:DirectionalLight_1 Label:DirectionalLight SpatiallyLoaded:0 Bounds:IsValid=true, Min=(X=-4398046511104.000 Y=-4398046511104.000 Z=-4398046511104.000), Max=(X=4398046511104.000 Y=4398046511104.000 Z=4398046511104.000) RuntimeGrid:None EditorOnly:0 RuntimeOnly:0 HLODRelevant:0 ListedInSceneOutliner:1 IsMainWorldOnly:0 FolderPath:Lighting FolderGuid:4C9334684BA61B42C769F799D2576455
 |   |   |- [+] [ 36]
 |   |   |   |- Guid:E8D070154BCC7509D1AA269BA00E3037 BaseClass: NativeClass:/Script/Engine.StaticMeshActor Name:StaticMeshActor_34 Label:SM_Cylinder4 SpatiallyLoaded:1 Bounds:IsValid=true, Min=(X=1850.000 Y=2350.000 Z=0.000), Max=(X=1950.000 Y=2450.000 Z=300.000) RuntimeGrid:None EditorOnly:0 RuntimeOnly:0 HLODRelevant:1 ListedInSceneOutliner:1 IsMainWorldOnly:0 FolderPath:Pillars FolderGuid:BB8AF4C246C38D173850E8B115A3DCFE
 |   |   |- [+] [ 37]
 |   |   |   |- Guid:E9EEE1154641272B0A50D89AFF2DB904 BaseClass: NativeClass:/Script/Engine.StaticMeshActor Name:StaticMeshActor_59 Label:SM_ChamferCube4 SpatiallyLoaded:1 Bounds:IsValid=true, Min=(X=663.409 Y=2784.238 Z=0.063), Max=(X=804.292 Y=2925.121 Z=100.063) RuntimeGrid:None EditorOnly:0 RuntimeOnly:0 HLODRelevant:0 ListedInSceneOutliner:1 IsMainWorldOnly:0
 |   |   |- [+] [ 38]
 |   |   |   |- Guid:EF8FCAC44A94EEB7E481258C9CB00348 BaseClass: NativeClass:/Script/Engine.StaticMeshActor Name:StaticMeshActor_39 Label:SM_Cylinder9 SpatiallyLoaded:1 Bounds:IsValid=true, Min=(X=2450.000 Y=2350.000 Z=0.000), Max=(X=2550.000 Y=2450.000 Z=300.000) RuntimeGrid:None EditorOnly:0 RuntimeOnly:0 HLODRelevant:1 ListedInSceneOutliner:1 IsMainWorldOnly:0 FolderPath:Pillars FolderGuid:BB8AF4C246C38D173850E8B115A3DCFE
 |   |   |- [+] [ 39]
 |   |   |   |- Guid:FADE345E4BC3B67120E450B6A1D28677 BaseClass: NativeClass:/Script/Engine.TextRenderActor Name:TextRenderActor_0 Label:TextRenderActor SpatiallyLoaded:1 Bounds:IsValid=true, Min=(X=-0.100 Y=1100.000 Z=65.013), Max=(X=-0.100 Y=2225.000 Z=215.013) RuntimeGrid:None EditorOnly:0 RuntimeOnly:0 HLODRelevant:0 ListedInSceneOutliner:1 IsMainWorldOnly:0
 |- ContainerInstances:
 |- [+] MainContainer:
 |   |-        ID: 00000000000000000000000000000000
 |   |-  ParentID: 00000000000000000000000000000000
 |   |-    Bounds: IsValid=false, Min=(X=0.000 Y=0.000 Z=0.000), Max=(X=0.000 Y=0.000 Z=0.000)
 |   |- Transform: 0.000000,0.000000,0.000000|0.000000,0.000000,-0.000000|1.000000,1.000000,1.000000
 |   |- Container: /Game/FMIA/Level/Abyss001
----------------------------------------------------------------------------------------------------------------
Abyss001 - Persistent Level
----------------------------------------------------------------------------------------------------------------
[+] Content of Abyss001 Persistent Level
 |- Always loaded Actor Count: 48 
 |- Actor Path: /Game/FMIA/Level/UEDPIE_0_Abyss001.Abyss001:PersistentLevel.Brush_0
 |- Actor Package: /Game/FMIA/Level/UEDPIE_0_Abyss001
 |- Actor Path: /Game/FMIA/Level/UEDPIE_0_Abyss001.Abyss001:PersistentLevel.ChaosDebugDrawActor
 |- Actor Package: /Game/FMIA/Level/UEDPIE_0_Abyss001
 |- Actor Path: /Game/FMIA/Level/UEDPIE_0_Abyss001.Abyss001:PersistentLevel.DefaultPhysicsVolume_0
 |- Actor Package: /Game/FMIA/Level/UEDPIE_0_Abyss001
 |- Actor Path: /Game/FMIA/Level/UEDPIE_0_Abyss001.Abyss001:PersistentLevel.DirectionalLight_1
 |- Actor Package: /Game/FMIA/Level/UEDPIE_0_Abyss001_InstanceOf_/Game/__ExternalActors__/FMIA/Level/Abyss001/5/GQ/N88W5P9NPBAQ9YGAFL2FHR
 |- Actor Path: /Game/FMIA/Level/UEDPIE_0_Abyss001.Abyss001:PersistentLevel.ExponentialHeightFog_1
 |- Actor Package: /Game/FMIA/Level/UEDPIE_0_Abyss001_InstanceOf_/Game/__ExternalActors__/FMIA/Level/Abyss001/C/V2/78SWFA9NAU356F6NZTKAG7
 |- Actor Path: /Game/FMIA/Level/UEDPIE_0_Abyss001.Abyss001:PersistentLevel.GameplayDebuggerPlayerManager_0
 |- Actor Package: /Game/FMIA/Level/UEDPIE_0_Abyss001
 |- Actor Path: /Game/FMIA/Level/UEDPIE_0_Abyss001.Abyss001:PersistentLevel.NavLinkProxy_3
 |- Actor Package: /Game/FMIA/Level/UEDPIE_0_Abyss001_InstanceOf_/Game/__ExternalActors__/FMIA/Level/Abyss001/6/YM/UOQU85U5QKNK64FW161BDU
 |- Actor Path: /Game/FMIA/Level/UEDPIE_0_Abyss001.Abyss001:PersistentLevel.NavMeshBoundsVolume_1
 |- Actor Package: /Game/FMIA/Level/UEDPIE_0_Abyss001_InstanceOf_/Game/__ExternalActors__/FMIA/Level/Abyss001/0/NM/5OO15L8YCD6YV5ZEGC5V0P
 |- Actor Path: /Game/FMIA/Level/UEDPIE_0_Abyss001.Abyss001:PersistentLevel.PlayerStart_0
 |- Actor Package: /Game/FMIA/Level/UEDPIE_0_Abyss001_InstanceOf_/Game/__ExternalActors__/FMIA/Level/Abyss001/1/1W/6OGQA5H68KBENFO3R3K74S
 |- Actor Path: /Game/FMIA/Level/UEDPIE_0_Abyss001.Abyss001:PersistentLevel.PostProcessVolume_1
 |- Actor Package: /Game/FMIA/Level/UEDPIE_0_Abyss001_InstanceOf_/Game/__ExternalActors__/FMIA/Level/Abyss001/6/30/N2ZYJ855FY0JBJCS4A99BV
 |- Actor Path: /Game/FMIA/Level/UEDPIE_0_Abyss001.Abyss001:PersistentLevel.RecastNavMesh-Default
 |- Actor Package: /Game/FMIA/Level/UEDPIE_0_Abyss001
 |- Actor Path: /Game/FMIA/Level/UEDPIE_0_Abyss001.Abyss001:PersistentLevel.SkyAtmosphere_1
 |- Actor Package: /Game/FMIA/Level/UEDPIE_0_Abyss001_InstanceOf_/Game/__ExternalActors__/FMIA/Level/Abyss001/4/4J/X2ULUN3UOYTFNVTRLOX405
 |- Actor Path: /Game/FMIA/Level/UEDPIE_0_Abyss001.Abyss001:PersistentLevel.SkyLight_1
 |- Actor Package: /Game/FMIA/Level/UEDPIE_0_Abyss001_InstanceOf_/Game/__ExternalActors__/FMIA/Level/Abyss001/3/GX/84A2HCJ870MV26ALMYRTOQ
 |- Actor Path: /Game/FMIA/Level/UEDPIE_0_Abyss001.Abyss001:PersistentLevel.StaticMeshActor_0
 |- Actor Package: /Game/FMIA/Level/UEDPIE_0_Abyss001_InstanceOf_/Game/__ExternalActors__/FMIA/Level/Abyss001/2/QJ/RGZE3D7YW00NGXBES0T71V
 |- Actor Path: /Game/FMIA/Level/UEDPIE_0_Abyss001.Abyss001:PersistentLevel.StaticMeshActor_1
 |- Actor Package: /Game/FMIA/Level/UEDPIE_0_Abyss001_InstanceOf_/Game/__ExternalActors__/FMIA/Level/Abyss001/6/UG/P9LQ346ADC1R9A6CC8RAFZ
 |- Actor Path: /Game/FMIA/Level/UEDPIE_0_Abyss001.Abyss001:PersistentLevel.StaticMeshActor_2
 |- Actor Package: /Game/FMIA/Level/UEDPIE_0_Abyss001_InstanceOf_/Game/__ExternalActors__/FMIA/Level/Abyss001/7/T2/4UC0BPJ309EVVJ2M7F33SF
 |- Actor Path: /Game/FMIA/Level/UEDPIE_0_Abyss001.Abyss001:PersistentLevel.StaticMeshActor_3
 |- Actor Package: /Game/FMIA/Level/UEDPIE_0_Abyss001_InstanceOf_/Game/__ExternalActors__/FMIA/Level/Abyss001/B/CX/CDNLHXWOB6QE0GV7HDJSDQ
 |- Actor Path: /Game/FMIA/Level/UEDPIE_0_Abyss001.Abyss001:PersistentLevel.StaticMeshActor_17
 |- Actor Package: /Game/FMIA/Level/UEDPIE_0_Abyss001_InstanceOf_/Game/__ExternalActors__/FMIA/Level/Abyss001/C/8H/QCYD0VI8LODGIQ2P1MAPMV
 |- Actor Path: /Game/FMIA/Level/UEDPIE_0_Abyss001.Abyss001:PersistentLevel.StaticMeshActor_18
 |- Actor Package: /Game/FMIA/Level/UEDPIE_0_Abyss001_InstanceOf_/Game/__ExternalActors__/FMIA/Level/Abyss001/5/60/WFPUENC9EPZBK01E27XT2F
 |- Actor Path: /Game/FMIA/Level/UEDPIE_0_Abyss001.Abyss001:PersistentLevel.StaticMeshActor_19
 |- Actor Package: /Game/FMIA/Level/UEDPIE_0_Abyss001_InstanceOf_/Game/__ExternalActors__/FMIA/Level/Abyss001/1/V9/7OS9F5VT7Z5A4SRGNQOHT7
 |- Actor Path: /Game/FMIA/Level/UEDPIE_0_Abyss001.Abyss001:PersistentLevel.StaticMeshActor_20
 |- Actor Package: /Game/FMIA/Level/UEDPIE_0_Abyss001_InstanceOf_/Game/__ExternalActors__/FMIA/Level/Abyss001/6/C6/3DYPJ5SSVT9JMUVUPBFN1R
 |- Actor Path: /Game/FMIA/Level/UEDPIE_0_Abyss001.Abyss001:PersistentLevel.StaticMeshActor_21
 |- Actor Package: /Game/FMIA/Level/UEDPIE_0_Abyss001_InstanceOf_/Game/__ExternalActors__/FMIA/Level/Abyss001/4/1T/HID0MR92RJMCRKSXN119P6
 |- Actor Path: /Game/FMIA/Level/UEDPIE_0_Abyss001.Abyss001:PersistentLevel.StaticMeshActor_22
 |- Actor Package: /Game/FMIA/Level/UEDPIE_0_Abyss001_InstanceOf_/Game/__ExternalActors__/FMIA/Level/Abyss001/1/UT/5SQ0NRY4GO721356MV18ZJ
 |- Actor Path: /Game/FMIA/Level/UEDPIE_0_Abyss001.Abyss001:PersistentLevel.StaticMeshActor_23
 |- Actor Package: /Game/FMIA/Level/UEDPIE_0_Abyss001_InstanceOf_/Game/__ExternalActors__/FMIA/Level/Abyss001/2/YR/ER7WC3RU5RA37T33I7YDZ7
 |- Actor Path: /Game/FMIA/Level/UEDPIE_0_Abyss001.Abyss001:PersistentLevel.StaticMeshActor_24
 |- Actor Package: /Game/FMIA/Level/UEDPIE_0_Abyss001_InstanceOf_/Game/__ExternalActors__/FMIA/Level/Abyss001/D/NN/1NBJ7JVX1J28PLMCNOPRAR
 |- Actor Path: /Game/FMIA/Level/UEDPIE_0_Abyss001.Abyss001:PersistentLevel.StaticMeshActor_25
 |- Actor Package: /Game/FMIA/Level/UEDPIE_0_Abyss001_InstanceOf_/Game/__ExternalActors__/FMIA/Level/Abyss001/1/U6/Y35G5Q3MIJO9VDW2GMKS69
 |- Actor Path: /Game/FMIA/Level/UEDPIE_0_Abyss001.Abyss001:PersistentLevel.StaticMeshActor_26
 |- Actor Package: /Game/FMIA/Level/UEDPIE_0_Abyss001_InstanceOf_/Game/__ExternalActors__/FMIA/Level/Abyss001/5/0F/LTXEEAJ9NJCY1CCWJGXVKZ
 |- Actor Path: /Game/FMIA/Level/UEDPIE_0_Abyss001.Abyss001:PersistentLevel.StaticMeshActor_27
 |- Actor Package: /Game/FMIA/Level/UEDPIE_0_Abyss001_InstanceOf_/Game/__ExternalActors__/FMIA/Level/Abyss001/0/LA/0BQV64C8IAVYYXO102QFX5
 |- Actor Path: /Game/FMIA/Level/UEDPIE_0_Abyss001.Abyss001:PersistentLevel.StaticMeshActor_28
 |- Actor Package: /Game/FMIA/Level/UEDPIE_0_Abyss001_InstanceOf_/Game/__ExternalActors__/FMIA/Level/Abyss001/1/FE/7YJMRLCTX675O6MOLV3L38
 |- Actor Path: /Game/FMIA/Level/UEDPIE_0_Abyss001.Abyss001:PersistentLevel.StaticMeshActor_29
 |- Actor Package: /Game/FMIA/Level/UEDPIE_0_Abyss001_InstanceOf_/Game/__ExternalActors__/FMIA/Level/Abyss001/A/A7/W1TUXX71AFRE26ZSC5LOKE
 |- Actor Path: /Game/FMIA/Level/UEDPIE_0_Abyss001.Abyss001:PersistentLevel.StaticMeshActor_34
 |- Actor Package: /Game/FMIA/Level/UEDPIE_0_Abyss001_InstanceOf_/Game/__ExternalActors__/FMIA/Level/Abyss001/3/5G/TEBI0GMYVYV19KO8THM5L4
 |- Actor Path: /Game/FMIA/Level/UEDPIE_0_Abyss001.Abyss001:PersistentLevel.StaticMeshActor_35
 |- Actor Package: /Game/FMIA/Level/UEDPIE_0_Abyss001_InstanceOf_/Game/__ExternalActors__/FMIA/Level/Abyss001/B/E0/6WL623T4CPSYG48IX371FU
 |- Actor Path: /Game/FMIA/Level/UEDPIE_0_Abyss001.Abyss001:PersistentLevel.StaticMeshActor_37
 |- Actor Package: /Game/FMIA/Level/UEDPIE_0_Abyss001_InstanceOf_/Game/__ExternalActors__/FMIA/Level/Abyss001/C/QZ/87BBIN1V6DNCL93N4BZON3
 |- Actor Path: /Game/FMIA/Level/UEDPIE_0_Abyss001.Abyss001:PersistentLevel.StaticMeshActor_38
 |- Actor Package: /Game/FMIA/Level/UEDPIE_0_Abyss001_InstanceOf_/Game/__ExternalActors__/FMIA/Level/Abyss001/5/EB/R08RALCRUIRBY422P1YH1F
 |- Actor Path: /Game/FMIA/Level/UEDPIE_0_Abyss001.Abyss001:PersistentLevel.StaticMeshActor_39
 |- Actor Package: /Game/FMIA/Level/UEDPIE_0_Abyss001_InstanceOf_/Game/__ExternalActors__/FMIA/Level/Abyss001/8/4T/GM3C89SS4CV6PLXA2HQCUK
 |- Actor Path: /Game/FMIA/Level/UEDPIE_0_Abyss001.Abyss001:PersistentLevel.StaticMeshActor_40
 |- Actor Package: /Game/FMIA/Level/UEDPIE_0_Abyss001_InstanceOf_/Game/__ExternalActors__/FMIA/Level/Abyss001/A/8C/L2AIY5JL7KHNFE1JRRH4OA
 |- Actor Path: /Game/FMIA/Level/UEDPIE_0_Abyss001.Abyss001:PersistentLevel.StaticMeshActor_42
 |- Actor Package: /Game/FMIA/Level/UEDPIE_0_Abyss001_InstanceOf_/Game/__ExternalActors__/FMIA/Level/Abyss001/5/LX/Z5WEL0X7QB8DWJMQ5P97MU
 |- Actor Path: /Game/FMIA/Level/UEDPIE_0_Abyss001.Abyss001:PersistentLevel.StaticMeshActor_44
 |- Actor Package: /Game/FMIA/Level/UEDPIE_0_Abyss001_InstanceOf_/Game/__ExternalActors__/FMIA/Level/Abyss001/3/RS/7EA9OOY6SQD8X6ZVEQU5KC
 |- Actor Path: /Game/FMIA/Level/UEDPIE_0_Abyss001.Abyss001:PersistentLevel.StaticMeshActor_59
 |- Actor Package: /Game/FMIA/Level/UEDPIE_0_Abyss001_InstanceOf_/Game/__ExternalActors__/FMIA/Level/Abyss001/0/4L/KVMXGH1QYTU1VWNNX2DA16
 |- Actor Path: /Game/FMIA/Level/UEDPIE_0_Abyss001.Abyss001:PersistentLevel.StaticMeshActor_65
 |- Actor Package: /Game/FMIA/Level/UEDPIE_0_Abyss001_InstanceOf_/Game/__ExternalActors__/FMIA/Level/Abyss001/5/51/S66TLY2CJPPDYYUMRTPCJS
 |- Actor Path: /Game/FMIA/Level/UEDPIE_0_Abyss001.Abyss001:PersistentLevel.StaticMeshActor_66
 |- Actor Package: /Game/FMIA/Level/UEDPIE_0_Abyss001_InstanceOf_/Game/__ExternalActors__/FMIA/Level/Abyss001/1/R3/01U8Z0CKYL75BUK0GVT2N5
 |- Actor Path: /Game/FMIA/Level/UEDPIE_0_Abyss001.Abyss001:PersistentLevel.StaticMeshActor_UAID_A4AE111137DC5CFB00_1660657071
 |- Actor Package: /Game/FMIA/Level/UEDPIE_0_Abyss001_InstanceOf_/Game/__ExternalActors__/FMIA/Level/Abyss001/2/6A/JZAT7G45ZJ5MNEF4NAVYI0
 |- Actor Path: /Game/FMIA/Level/UEDPIE_0_Abyss001.Abyss001:PersistentLevel.TextRenderActor_0
 |- Actor Package: /Game/FMIA/Level/UEDPIE_0_Abyss001_InstanceOf_/Game/__ExternalActors__/FMIA/Level/Abyss001/C/JX/GBL0CUVNQ5LU5IVKQW1B5R
 |- Actor Path: /Game/FMIA/Level/UEDPIE_0_Abyss001.Abyss001:PersistentLevel.TopDownMap_C_1
 |- Actor Package: /Game/FMIA/Level/UEDPIE_0_Abyss001
 |- Actor Path: /Game/FMIA/Level/UEDPIE_0_Abyss001.Abyss001:PersistentLevel.VolumetricCloud_0
 |- Actor Package: /Game/FMIA/Level/UEDPIE_0_Abyss001_InstanceOf_/Game/__ExternalActors__/FMIA/Level/Abyss001/D/NI/097APHFH1MPTLK6NBI6M89
 |- Actor Path: /Game/FMIA/Level/UEDPIE_0_Abyss001.Abyss001:PersistentLevel.WorldDataLayers
 |- Actor Package: /Game/__ExternalActors__/FMIA/Level/Abyss001/4/0K/OAPE3R29SQG0CQECJTPWUH
 |- Actor Path: /Game/FMIA/Level/UEDPIE_0_Abyss001.Abyss001:PersistentLevel.WorldInfo_0
 |- Actor Package: /Game/FMIA/Level/UEDPIE_0_Abyss001
 |- Actor Path: /Game/FMIA/Level/UEDPIE_0_Abyss001.Abyss001:PersistentLevel.WorldPartitionReplay
 |- Actor Package: /Game/FMIA/Level/UEDPIE_0_Abyss001

----------------------------------------------------------------------------------------------------------------
Abyss001 - Runtime Spatial Hash - Streaming Grid - MainGrid
----------------------------------------------------------------------------------------------------------------
            Origin: X=0.000 Y=0.000 Z=0.000
         Cell Size: 12800
      World Bounds: IsValid=false, Min=(X=0.000 Y=0.000 Z=0.000), Max=(X=0.000 Y=0.000 Z=0.000)
     Loading Range: 25600.00
Block Slow Loading: No
 ClientOnlyVisible: No
            Origin: X=0.000 Y=0.000 Z=0.000

[+] Grid Levels: 1
 |- Level  0: Cell Count    0 | Cell Size   12800 | Actor Count    0 (0.0%)

[+] Content of Grid Level 0

